<?xml version="1.0" encoding="UTF-8"?>
<testsuite name="AppTest" tests="1" skipped="0" failures="0" errors="0" timestamp="2016-01-05T19:00:53" hostname="epicodus-36.local" time="0.001">
  <properties/>
  <testcase name="scrabbleScore_returnsAScrabbleScoreForALetter_A" classname="AppTest" time="0.001"/>
  <system-out><![CDATA[]]></system-out>
  <system-err><![CDATA[]]></system-err>
</testsuite>
